<?xml version="1.0" encoding="UTF-8"?>
<!-- Generated by org.testng.reporters.JUnitXMLReporter -->
<testsuite hostname="LAPTOP-BCVHBJ42" ignored="0" name="Command line test" tests="11" failures="0" timestamp="02 Feb 2019 06:54:08 GMT" time="95.122" errors="0">
  <testcase name="verifyContactsLabel" time="0.034" classname="com.qa.pom.testcases.ContactsPageTest"/>
  <testcase name="verifyHomePageTitleTest" time="0.005" classname="com.qa.pom.testcases.HomepageTest"/>
  <testcase name="loginPageTitleTest" time="0.089" classname="com.qa.pom.testcases.LoginPageTest"/>
  <testcase name="selectSingleContactsTest" time="0.09" classname="com.qa.pom.testcases.ContactsPageTest"/>
  <testcase name="validateUserNameTest" time="0.074" classname="com.qa.pom.testcases.HomepageTest"/>
  <testcase name="crmLogoImageTest" time="0.045" classname="com.qa.pom.testcases.LoginPageTest"/>
  <testcase name="validateCreateNewContactTest" time="2.617" classname="com.qa.pom.testcases.ContactsPageTest"/>
  <testcase name="validateCreateNewContactTest" time="2.512" classname="com.qa.pom.testcases.ContactsPageTest"/>
  <testcase name="validateCreateNewContactTest" time="2.524" classname="com.qa.pom.testcases.ContactsPageTest"/>
  <testcase name="contactsLinkTest" time="0.833" classname="com.qa.pom.testcases.HomepageTest"/>
  <testcase name="loginTest" time="2.04" classname="com.qa.pom.testcases.LoginPageTest"/>
</testsuite> <!-- Command line test -->
