<?xml version="1.0" encoding="UTF-8" ?>
<testsuite tests="11" failures="0" name="TestSuite" time="10.866" errors="0" skipped="0">
  <properties>
[...]
</properties>
  <testcase classname="com.qa.pom.testcases.ContactsPageTest" name="verifyContactsLabel" time="0.036"/>
  <testcase classname="com.qa.pom.testcases.HomepageTest" name="verifyHomePageTitleTest" time="0.006"/>
  <testcase classname="com.qa.pom.testcases.LoginPageTest" name="loginPageTitleTest" time="0.09"/>
  <testcase classname="com.qa.pom.testcases.ContactsPageTest" name="selectSingleContactsTest" time="0.09"/>
  <testcase classname="com.qa.pom.testcases.HomepageTest" name="validateUserNameTest" time="0.074"/>
  <testcase classname="com.qa.pom.testcases.LoginPageTest" name="crmLogoImageTest" time="0.045"/>
  <testcase classname="com.qa.pom.testcases.ContactsPageTest" name="validateCreateNewContactTest" time="2.617"/>
  <testcase classname="com.qa.pom.testcases.ContactsPageTest" name="validateCreateNewContactTest" time="2.512"/>
  <testcase classname="com.qa.pom.testcases.ContactsPageTest" name="validateCreateNewContactTest" time="2.524"/>
  <testcase classname="com.qa.pom.testcases.HomepageTest" name="contactsLinkTest" time="0.832"/>
  <testcase classname="com.qa.pom.testcases.LoginPageTest" name="loginTest" time="2.04"/>
</testsuite>