<?xml version="1.0" encoding="UTF-8"?>
<!-- Generated by org.testng.reporters.JUnitXMLReporter -->
<testsuite hostname="LAPTOP-BCVHBJ42" ignored="0" name="Free CRM App Test Cases" tests="11" failures="0" timestamp="02 Feb 2019 00:41:56 GMT" time="112.697" errors="0">
  <testcase name="loginPageTitleTest" time="0.024" classname="com.qa.pom.testcases.LoginPageTest"/>
  <testcase name="verifyHomePageTitleTest" time="0.028" classname="com.qa.pom.testcases.HomepageTest"/>
  <testcase name="verifyContactsLabel" time="0.028" classname="com.qa.pom.testcases.ContactsPageTest"/>
  <testcase name="crmLogoImageTest" time="0.038" classname="com.qa.pom.testcases.LoginPageTest"/>
  <testcase name="validateUserNameTest" time="0.142" classname="com.qa.pom.testcases.HomepageTest"/>
  <testcase name="selectSingleContactsTest" time="0.244" classname="com.qa.pom.testcases.ContactsPageTest"/>
  <testcase name="loginTest" time="2.816" classname="com.qa.pom.testcases.LoginPageTest"/>
  <testcase name="contactsLinkTest" time="1.228" classname="com.qa.pom.testcases.HomepageTest"/>
  <testcase name="validateCreateNewContactTest" time="3.941" classname="com.qa.pom.testcases.ContactsPageTest"/>
  <testcase name="validateCreateNewContactTest" time="3.291" classname="com.qa.pom.testcases.ContactsPageTest"/>
  <testcase name="validateCreateNewContactTest" time="3.054" classname="com.qa.pom.testcases.ContactsPageTest"/>
</testsuite> <!-- Free CRM App Test Cases -->
