<?xml version="1.0" encoding="UTF-8"?>
<!-- Generated by org.testng.reporters.JUnitXMLReporter -->
<testsuite hostname="LAPTOP-BCVHBJ42" ignored="0" name="Default test" tests="3" failures="0" timestamp="30 Jan 2019 06:51:26 GMT" time="21.689" errors="0">
  <testcase name="verifyHomePageTitleTest" time="0.01" classname="com.qa.pom.testcases.HomepageTest"/>
  <testcase name="validateUserNameTest" time="0.08" classname="com.qa.pom.testcases.HomepageTest"/>
  <testcase name="contactsLinkTest" time="0.737" classname="com.qa.pom.testcases.HomepageTest"/>
</testsuite> <!-- Default test -->
